0 info it worked if it ends with ok
1 verbose cli [ '/usr/local/bin/iojs',
1 verbose cli   '/usr/local/bin/npm',
1 verbose cli   'install',
1 verbose cli   'stylus',
1 verbose cli   '-g' ]
2 info using npm@2.11.3
3 info using node@v2.3.1
4 verbose install initial load of /usr/local/lib/package.json
5 verbose readDependencies loading dependencies from /usr/local/lib/package.json
6 silly cache add args [ 'stylus', null ]
7 verbose cache add spec stylus
8 silly cache add parsed spec { raw: 'stylus',
8 silly cache add   scope: null,
8 silly cache add   name: 'stylus',
8 silly cache add   rawSpec: '',
8 silly cache add   spec: '*',
8 silly cache add   type: 'range' }
9 silly addNamed stylus@*
10 verbose addNamed "*" is a valid semver range for stylus
11 silly addNameRange { name: 'stylus', range: '*', hasData: false }
12 silly mapToRegistry name stylus
13 silly mapToRegistry using default registry
14 silly mapToRegistry registry https://registry.npmjs.org/
15 silly mapToRegistry uri https://registry.npmjs.org/stylus
16 verbose addNameRange registry:https://registry.npmjs.org/stylus not in flight; fetching
17 verbose request uri https://registry.npmjs.org/stylus
18 verbose request no auth needed
19 info attempt registry request try #1 at 09:24:25
20 verbose request id 9b8757f7840b9af6
21 verbose etag "2SSKT0PT3O0OIGLDQFKC2BJLW"
22 http request GET https://registry.npmjs.org/stylus
23 http 200 https://registry.npmjs.org/stylus
24 silly get cb [ 200,
24 silly get   { server: 'CouchDB/1.5.0 (Erlang OTP/R16B03)',
24 silly get     etag: '"8BG33PIPWFU8I7USKZ1SA0FGU"',
24 silly get     'content-type': 'application/json',
24 silly get     'cache-control': 'max-age=60',
24 silly get     'content-length': '184322',
24 silly get     'accept-ranges': 'bytes',
24 silly get     date: 'Mon, 24 Aug 2015 14:24:26 GMT',
24 silly get     via: '1.1 varnish',
24 silly get     age: '51',
24 silly get     connection: 'keep-alive',
24 silly get     'x-served-by': 'cache-iad2122-IAD',
24 silly get     'x-cache': 'HIT',
24 silly get     'x-cache-hits': '1',
24 silly get     'x-timer': 'S1440426266.243410,VS0,VE1',
24 silly get     vary: 'Accept' } ]
25 verbose get saving stylus to /Users/nestoribarra/.npm/registry.npmjs.org/stylus/.cache.json
26 silly addNameRange number 2 { name: 'stylus', range: '*', hasData: true }
27 silly addNameRange versions [ 'stylus',
27 silly addNameRange   [ '0.0.1',
27 silly addNameRange     '0.0.2',
27 silly addNameRange     '0.1.0',
27 silly addNameRange     '0.2.0',
27 silly addNameRange     '0.2.1',
27 silly addNameRange     '0.3.0',
27 silly addNameRange     '0.3.1',
27 silly addNameRange     '0.4.0',
27 silly addNameRange     '0.4.1',
27 silly addNameRange     '0.5.0',
27 silly addNameRange     '0.5.1',
27 silly addNameRange     '0.5.2',
27 silly addNameRange     '0.5.3',
27 silly addNameRange     '0.6.0',
27 silly addNameRange     '0.6.2',
27 silly addNameRange     '0.6.3',
27 silly addNameRange     '0.6.4',
27 silly addNameRange     '0.6.5',
27 silly addNameRange     '0.6.6',
27 silly addNameRange     '0.6.7',
27 silly addNameRange     '0.7.0',
27 silly addNameRange     '0.7.1',
27 silly addNameRange     '0.7.2',
27 silly addNameRange     '0.7.3',
27 silly addNameRange     '0.7.4',
27 silly addNameRange     '0.8.0',
27 silly addNameRange     '0.9.0',
27 silly addNameRange     '0.9.1',
27 silly addNameRange     '0.9.2',
27 silly addNameRange     '0.10.0',
27 silly addNameRange     '0.11.0',
27 silly addNameRange     '0.11.1',
27 silly addNameRange     '0.11.2',
27 silly addNameRange     '0.11.3',
27 silly addNameRange     '0.11.4',
27 silly addNameRange     '0.11.5',
27 silly addNameRange     '0.11.6',
27 silly addNameRange     '0.11.7',
27 silly addNameRange     '0.11.8',
27 silly addNameRange     '0.11.9',
27 silly addNameRange     '0.11.10',
27 silly addNameRange     '0.11.11',
27 silly addNameRange     '0.11.12',
27 silly addNameRange     '0.12.0',
27 silly addNameRange     '0.12.1',
27 silly addNameRange     '0.12.2',
27 silly addNameRange     '0.12.3',
27 silly addNameRange     '0.12.4',
27 silly addNameRange     '0.13.0',
27 silly addNameRange     '0.13.1',
27 silly addNameRange     '0.13.2',
27 silly addNameRange     '0.13.3',
27 silly addNameRange     '0.13.4',
27 silly addNameRange     '0.13.5',
27 silly addNameRange     '0.13.6',
27 silly addNameRange     '0.13.7',
27 silly addNameRange     '0.13.8',
27 silly addNameRange     '0.13.9',
27 silly addNameRange     '0.14.0',
27 silly addNameRange     '0.15.0',
27 silly addNameRange     '0.15.1',
27 silly addNameRange     '0.15.2',
27 silly addNameRange     '0.15.3',
27 silly addNameRange     '0.15.4',
27 silly addNameRange     '0.16.0',
27 silly addNameRange     '0.17.0',
27 silly addNameRange     '0.18.0',
27 silly addNameRange     '0.19.0',
27 silly addNameRange     '0.19.1',
27 silly addNameRange     '0.19.2',
27 silly addNameRange     '0.19.3',
27 silly addNameRange     '0.19.4',
27 silly addNameRange     '0.19.5',
27 silly addNameRange     '0.19.6',
27 silly addNameRange     '0.19.7',
27 silly addNameRange     '0.19.8',
27 silly addNameRange     '0.20.0',
27 silly addNameRange     '0.20.1',
27 silly addNameRange     '0.21.0',
27 silly addNameRange     '0.21.1',
27 silly addNameRange     '0.21.2',
27 silly addNameRange     '0.22.0',
27 silly addNameRange     '0.22.1',
27 silly addNameRange     '0.22.2',
27 silly addNameRange     '0.22.3',
27 silly addNameRange     '0.22.4',
27 silly addNameRange     '0.22.5',
27 silly addNameRange     '0.22.6',
27 silly addNameRange     '0.23.0',
27 silly addNameRange     '0.24.0',
27 silly addNameRange     '0.25.0',
27 silly addNameRange     '0.26.0',
27 silly addNameRange     '0.26.1',
27 silly addNameRange     '0.27.0',
27 silly addNameRange     '0.27.1',
27 silly addNameRange     '0.27.2',
27 silly addNameRange     '0.28.0',
27 silly addNameRange     '0.28.1',
27 silly addNameRange     '0.28.2',
27 silly addNameRange     '0.29.0',
27 silly addNameRange     '0.30.0',
27 silly addNameRange     '0.30.1',
27 silly addNameRange     '0.31.0',
27 silly addNameRange     '0.32.0',
27 silly addNameRange     '0.32.1',
27 silly addNameRange     '0.33.0',
27 silly addNameRange     '0.33.1',
27 silly addNameRange     '0.34.0',
27 silly addNameRange     '0.34.1',
27 silly addNameRange     '0.35.0',
27 silly addNameRange     '0.35.1',
27 silly addNameRange     '0.36.0',
27 silly addNameRange     '0.36.1',
27 silly addNameRange     '0.37.0',
27 silly addNameRange     '0.38.0',
27 silly addNameRange     '0.39.0',
27 silly addNameRange     '0.39.1',
27 silly addNameRange     '0.39.2',
27 silly addNameRange     '0.39.3',
27 silly addNameRange     '0.39.4',
27 silly addNameRange     '0.40.0',
27 silly addNameRange     '0.40.1',
27 silly addNameRange     '0.40.2',
27 silly addNameRange     '0.40.3',
27 silly addNameRange     '0.41.0',
27 silly addNameRange     '0.41.1',
27 silly addNameRange     '0.41.2',
27 silly addNameRange     '0.41.3',
27 silly addNameRange     '0.42.0',
27 silly addNameRange     '0.42.1',
27 silly addNameRange     '0.42.2',
27 silly addNameRange     '0.42.3',
27 silly addNameRange     '0.43.0',
27 silly addNameRange     '0.44.0-beta',
27 silly addNameRange     '0.43.1',
27 silly addNameRange     '0.44.0-beta2',
27 silly addNameRange     '0.44.0-beta3',
27 silly addNameRange     '0.44.0',
27 silly addNameRange     '0.45.0',
27 silly addNameRange     '0.45.1',
27 silly addNameRange     '0.46.0',
27 silly addNameRange     '0.46.1',
27 silly addNameRange     '0.46.2',
27 silly addNameRange     '0.46.3',
27 silly addNameRange     '0.47.0',
27 silly addNameRange     '0.47.1',
27 silly addNameRange     '0.47.2',
27 silly addNameRange     '0.47.3',
27 silly addNameRange     '0.48.0',
27 silly addNameRange     '0.48.1',
27 silly addNameRange     '0.49.0',
27 silly addNameRange     '0.49.1',
27 silly addNameRange     '0.49.2',
27 silly addNameRange     '0.49.3',
27 silly addNameRange     '0.50.0',
27 silly addNameRange     '0.51.0',
27 silly addNameRange     '0.51.1',
27 silly addNameRange     '0.52.0-alpha',
27 silly addNameRange     '0.52.0' ] ]
28 silly addNamed stylus@0.52.0
29 verbose addNamed "0.52.0" is a plain semver version for stylus
30 silly mapToRegistry name stylus
31 silly mapToRegistry using default registry
32 silly mapToRegistry registry https://registry.npmjs.org/
33 silly mapToRegistry uri https://registry.npmjs.org/stylus
34 verbose addRemoteTarball https://registry.npmjs.org/stylus/-/stylus-0.52.0.tgz not in flight; adding
35 verbose addRemoteTarball [ 'https://registry.npmjs.org/stylus/-/stylus-0.52.0.tgz',
35 verbose addRemoteTarball   '46cdcc0d3a12b703a1c459464b0fc8921c48dd00' ]
36 info retry fetch attempt 1 at 09:24:26
37 info attempt registry request try #1 at 09:24:26
38 http fetch GET https://registry.npmjs.org/stylus/-/stylus-0.52.0.tgz
39 http fetch 200 https://registry.npmjs.org/stylus/-/stylus-0.52.0.tgz
40 silly fetchAndShaCheck shasum 46cdcc0d3a12b703a1c459464b0fc8921c48dd00
41 verbose addTmpTarball /var/folders/pj/q0sg7bxx59g6c12cxt255kjh0000gn/T/npm-3846-8e642a15/registry.npmjs.org/stylus/-/stylus-0.52.0.tgz not in flight; adding
42 verbose addTmpTarball already have metadata; skipping unpack for stylus@0.52.0
43 silly cache afterAdd stylus@0.52.0
44 verbose afterAdd /Users/nestoribarra/.npm/stylus/0.52.0/package/package.json not in flight; writing
45 verbose afterAdd /Users/nestoribarra/.npm/stylus/0.52.0/package/package.json written
46 silly install resolved [ { name: 'stylus',
46 silly install resolved     description: 'Robust, expressive, and feature-rich CSS superset',
46 silly install resolved     version: '0.52.0',
46 silly install resolved     author: { name: 'TJ Holowaychuk', email: 'tj@vision-media.ca' },
46 silly install resolved     keywords: [ 'css', 'parser', 'style', 'stylesheets', 'jade', 'language' ],
46 silly install resolved     repository: { type: 'git', url: 'git://github.com/stylus/stylus' },
46 silly install resolved     main: './index.js',
46 silly install resolved     browserify: './lib/browserify.js',
46 silly install resolved     engines: { node: '*' },
46 silly install resolved     bin: { stylus: './bin/stylus' },
46 silly install resolved     scripts:
46 silly install resolved      { prepublish: 'npm prune',
46 silly install resolved        test: 'mocha test/ test/middleware/ --require should --bail --reporter dot',
46 silly install resolved        'test-cov': 'mocha test/ test/middleware/ --require should --bail --reporter html-cov > coverage.html' },
46 silly install resolved     dependencies:
46 silly install resolved      { 'css-parse': '1.7.x',
46 silly install resolved        mkdirp: '0.5.x',
46 silly install resolved        debug: '*',
46 silly install resolved        sax: '0.5.x',
46 silly install resolved        glob: '3.2.x',
46 silly install resolved        'source-map': '0.1.x' },
46 silly install resolved     devDependencies: { should: '2.x', mocha: '*', jscoverage: '0.3.8' },
46 silly install resolved     bugs: { url: 'https://github.com/stylus/stylus/issues' },
46 silly install resolved     homepage: 'https://github.com/stylus/stylus',
46 silly install resolved     directories: { doc: 'docs', example: 'examples', test: 'test' },
46 silly install resolved     license: 'MIT',
46 silly install resolved     _id: 'stylus@0.52.0',
46 silly install resolved     _shasum: '46cdcc0d3a12b703a1c459464b0fc8921c48dd00',
46 silly install resolved     _from: 'stylus@*',
46 silly install resolved     _npmVersion: '1.4.9',
46 silly install resolved     _npmUser: { name: 'kizu', email: 'kizmarh@ya.ru' },
46 silly install resolved     maintainers: [ [Object], [Object] ],
46 silly install resolved     dist:
46 silly install resolved      { shasum: '46cdcc0d3a12b703a1c459464b0fc8921c48dd00',
46 silly install resolved        tarball: 'http://registry.npmjs.org/stylus/-/stylus-0.52.0.tgz' },
46 silly install resolved     _resolved: 'https://registry.npmjs.org/stylus/-/stylus-0.52.0.tgz' } ]
47 info install stylus@0.52.0 into /usr/local/lib
48 info installOne stylus@0.52.0
49 verbose installOne of stylus to /usr/local/lib not in flight; installing
50 verbose lock using /Users/nestoribarra/.npm/_locks/stylus-c3eec871ff9af39a.lock for /usr/local/lib/node_modules/stylus
51 silly install write writing stylus 0.52.0 to /usr/local/lib/node_modules/stylus
52 verbose unbuild lib/node_modules/stylus
53 silly gentlyRm /usr/local/lib/node_modules/stylus is being purged from base /usr/local
54 verbose gentlyRm don't care about contents; nuking /usr/local/lib/node_modules/stylus
55 verbose tar unpack /Users/nestoribarra/.npm/stylus/0.52.0/package.tgz
56 verbose tar unpacking to /usr/local/lib/node_modules/stylus
57 silly gentlyRm /usr/local/lib/node_modules/stylus is being purged
58 verbose gentlyRm don't care about contents; nuking /usr/local/lib/node_modules/stylus
59 silly gunzTarPerm modes [ '755', '644' ]
60 error tar.unpack untar error /Users/nestoribarra/.npm/stylus/0.52.0/package.tgz
61 verbose unlock done using /Users/nestoribarra/.npm/_locks/stylus-c3eec871ff9af39a.lock for /usr/local/lib/node_modules/stylus
62 verbose fstream_path /usr/local/lib/node_modules/stylus
63 verbose fstream_type Directory
64 verbose fstream_class DirWriter
65 verbose stack Error: EACCES: permission denied, mkdir '/usr/local/lib/node_modules/stylus'
65 verbose stack     at Error (native)
66 verbose fstream_stack /usr/local/lib/node_modules/npm/node_modules/fstream/lib/dir-writer.js:35:25
66 verbose fstream_stack /usr/local/lib/node_modules/npm/node_modules/mkdirp/index.js:47:53
66 verbose fstream_stack FSReqWrap.oncomplete (fs.js:82:15)
67 verbose cwd /Users/nestoribarra/Documents/htdocs/sumergida
68 error Darwin 14.4.0
69 error argv "/usr/local/bin/iojs" "/usr/local/bin/npm" "install" "stylus" "-g"
70 error node v2.3.1
71 error npm  v2.11.3
72 error path /usr/local/lib/node_modules/stylus
73 error code EACCES
74 error errno -13
75 error syscall mkdir
76 error Error: EACCES: permission denied, mkdir '/usr/local/lib/node_modules/stylus'
76 error     at Error (native)
76 error  { [Error: EACCES: permission denied, mkdir '/usr/local/lib/node_modules/stylus']
76 error   errno: -13,
76 error   code: 'EACCES',
76 error   syscall: 'mkdir',
76 error   path: '/usr/local/lib/node_modules/stylus',
76 error   fstream_type: 'Directory',
76 error   fstream_path: '/usr/local/lib/node_modules/stylus',
76 error   fstream_class: 'DirWriter',
76 error   fstream_stack:
76 error    [ '/usr/local/lib/node_modules/npm/node_modules/fstream/lib/dir-writer.js:35:25',
76 error      '/usr/local/lib/node_modules/npm/node_modules/mkdirp/index.js:47:53',
76 error      'FSReqWrap.oncomplete (fs.js:82:15)' ] }
77 error Please try running this command again as root/Administrator.
78 verbose exit [ -13, true ]
79 verbose unbuild lib/node_modules/stylus
80 silly gentlyRm /usr/local/lib/node_modules/stylus is being purged from base /usr/local
81 verbose gentlyRm don't care about contents; nuking /usr/local/lib/node_modules/stylus
